<?xml version="1.0" encoding="UTF-8"?>
<!-- Generated by org.testng.reporters.JUnitXMLReporter -->
<testsuite hostname="DESKTOP-QPFKHHH" ignored="0" name="Regresion_Test" tests="8" failures="0" timestamp="18 Nov 2020 13:16:25 GMT" time="77.385" errors="0">
  <testcase name="TC_InvalidEmail" time="17.88" classname="tests.TS_FormFillupInvalid"/>
  <testcase name="TC_wrongData1" time="8.187" classname="tests.TS_FormFillupInvalid"/>
  <testcase name="TC_wrongData2" time="9.042" classname="tests.TS_FormFillupInvalid"/>
  <testcase name="TC_wrongData3" time="8.21" classname="tests.TS_FormFillupInvalid"/>
  <testcase name="TC_wrongData4" time="7.482" classname="tests.TS_FormFillupInvalid"/>
  <testcase name="TC_wrongData5" time="7.627" classname="tests.TS_FormFillupInvalid"/>
  <testcase name="TC_wrongData6" time="8.252" classname="tests.TS_FormFillupInvalid"/>
  <testcase name="TC_wrongData7" time="6.747" classname="tests.TS_FormFillupInvalid"/>
</testsuite> <!-- Regresion_Test -->
